
Thu Mar 05 11:05:51 1998
ASQL事务服务引挚正常起动

Thu Mar 05 11:22:18 1998
ASQL事务服务引挚正常起动

Thu Mar 05 11:28:55 1998
ASQL事务服务引挚正常起动

Thu Mar 05 11:32:30 1998
ASQL事务服务引挚正常起动

Thu Mar 05 11:33:39 1998
ASQL事务服务引挚正常起动

Thu Mar 05 11:40:38 1998
ASQL事务服务引挚正常起动

Thu Mar 05 11:42:24 1998
ASQL事务服务引挚正常起动

Thu Mar 05 11:47:03 1998
ASQL事务服务引挚正常起动

Thu Mar 05 11:47:22 1998
ASQL事务服务引挚正常起动

Thu Mar 05 15:06:24 1998
ASQL事务服务引挚正常起动

Thu Mar 05 15:09:43 1998
ASQL事务服务引挚正常起动

Thu Mar 05 15:12:31 1998
ASQL事务服务引挚正常起动

Thu Mar 05 15:17:42 1998
ASQL事务服务引挚正常起动

Thu Mar 05 15:18:55 1998
ASQL事务服务引挚正常起动

Thu Mar 05 15:20:24 1998
ASQL事务服务引挚正常起动

Thu Mar 05 15:21:14 1998
ASQL事务服务引挚正常起动

Thu Mar 05 15:23:09 1998
ASQL事务服务引挚正常起动

Thu Mar 05 15:24:55 1998
ASQL事务服务引挚正常起动

Thu Mar 05 15:26:53 1998
ASQL事务服务引挚正常起动

Thu Mar 05 15:30:02 1998
ASQL事务服务引挚正常起动

Thu Mar 05 15:31:08 1998
ASQL事务服务引挚正常起动

Thu Mar 05 15:31:57 1998
ASQL事务服务引挚正常起动

Thu Mar 05 15:33:11 1998
ASQL事务服务引挚正常起动

Thu Mar 05 15:44:12 1998
ASQL事务服务引挚正常起动

Thu Mar 05 15:44:54 1998
ASQL事务服务引挚正常起动

Thu Mar 05 15:48:22 1998
ASQL事务服务引挚正常起动

Thu Mar 05 16:02:54 1998
ASQL事务服务引挚正常起动

Thu Mar 05 16:05:23 1998
ASQL事务服务引挚正常起动

Thu Mar 05 16:08:01 1998
ASQL事务服务引挚正常起动

Thu Mar 05 16:08:19 1998
ASQL事务服务引挚正常起动

Thu Mar 05 16:08:42 1998
ASQL事务服务引挚正常起动

Thu Mar 05 16:08:54 1998
ASQL事务服务引挚正常起动

Thu Mar 05 16:09:38 1998
ASQL事务服务引挚正常起动

Thu Mar 05 16:09:50 1998
ASQL事务服务引挚正常起动

Thu Mar 05 16:10:04 1998
ASQL事务服务引挚正常起动

Thu Mar 05 16:10:18 1998
ASQL事务服务引挚正常起动

Thu Mar 05 16:10:55 1998
ASQL事务服务引挚正常起动

Thu Mar 05 16:11:28 1998
ASQL事务服务引挚正常起动

Thu Mar 05 16:21:58 1998
ASQL事务服务引挚正常起动

Thu Mar 05 16:25:02 1998
ASQL事务服务引挚正常起动

Thu Mar 05 16:33:55 1998
ASQL事务服务引挚正常起动

Thu Mar 05 16:35:49 1998
ASQL事务服务引挚正常起动

Thu Mar 05 16:44:47 1998
ASQL事务服务引挚正常起动

Thu Mar 05 16:45:17 1998
ASQL事务服务引挚正常起动

Thu Mar 05 16:46:00 1998
ASQL事务服务引挚正常起动

Thu Mar 05 16:47:52 1998
ASQL事务服务引挚正常起动

Thu Mar 05 16:48:08 1998
ASQL事务服务引挚正常起动

Thu Mar 05 16:49:07 1998
ASQL事务服务引挚正常起动

Thu Mar 05 16:52:08 1998
ASQL事务服务引挚正常起动

Thu Mar 05 17:07:54 1998
ASQL事务服务引挚正常起动

Thu Mar 05 17:16:07 1998
ASQL事务服务引挚正常起动

Thu Mar 05 19:13:57 1998
ASQL事务服务引挚正常起动

Thu Mar 05 19:23:17 1998
ASQL事务服务引挚正常起动

Thu Mar 05 19:24:44 1998
ASQL事务服务引挚正常起动

Thu Mar 05 19:27:54 1998
ASQL事务服务引挚正常起动

Thu Mar 05 19:29:38 1998
ASQL事务服务引挚正常起动

Thu Mar 05 19:31:53 1998
ASQL事务服务引挚正常起动

Thu Mar 05 19:37:49 1998
ASQL事务服务引挚正常起动

Thu Mar 05 19:42:21 1998
ASQL事务服务引挚正常起动

Thu Mar 05 19:50:36 1998
ASQL事务服务引挚正常起动

Thu Mar 05 19:53:57 1998
ASQL事务服务引挚正常起动

Thu Mar 05 19:55:15 1998
ASQL事务服务引挚正常起动

Thu Mar 05 20:03:57 1998
ASQL事务服务引挚正常起动

Thu Mar 05 20:12:54 1998
ASQL事务服务引挚正常起动

Thu Mar 05 20:13:33 1998
ASQL事务服务引挚正常起动

Thu Mar 05 20:14:01 1998
ASQL事务服务引挚正常起动

Thu Mar 05 20:17:50 1998
ASQL事务服务引挚正常起动

Thu Mar 05 20:18:03 1998
ASQL事务服务引挚正常起动

Thu Mar 05 20:18:42 1998
ASQL事务服务引挚正常起动

Thu Mar 05 20:18:53 1998
ASQL事务服务引挚正常起动

Thu Mar 05 20:19:11 1998
ASQL事务服务引挚正常起动

Thu Mar 05 20:19:18 1998
ASQL事务服务引挚正常起动

Thu Mar 05 20:20:39 1998
ASQL事务服务引挚正常起动

Thu Mar 05 20:23:49 1998
ASQL事务服务引挚正常起动

Thu Mar 05 20:24:22 1998
ASQL事务服务引挚正常起动

Thu Mar 05 20:24:27 1998
ASQL事务服务引挚正常起动

Thu Mar 05 20:27:26 1998
ASQL事务服务引挚正常起动

Thu Mar 05 20:30:37 1998
ASQL事务服务引挚正常起动

Thu Mar 05 20:31:18 1998
ASQL事务服务引挚正常起动

Thu Mar 05 20:32:13 1998
ASQL事务服务引挚正常起动

Thu Mar 05 20:37:49 1998
ASQL事务服务引挚正常起动

Thu Mar 05 20:37:55 1998
ASQL事务服务引挚正常起动

Thu Mar 05 20:41:53 1998
ASQL事务服务引挚正常起动

Thu Mar 05 20:43:50 1998
ASQL事务服务引挚正常起动

Thu Mar 05 20:44:54 1998
ASQL事务服务引挚正常起动

Thu Mar 05 20:45:34 1998
ASQL事务服务引挚正常起动

Thu Mar 05 20:51:44 1998
ASQL事务服务引挚正常起动

Thu Mar 05 21:06:38 1998
ASQL事务服务引挚正常起动

Thu Mar 05 21:08:29 1998
ASQL事务服务引挚正常起动

Thu Mar 05 21:13:14 1998
ASQL事务服务引挚正常起动

Thu Mar 05 21:13:39 1998
ASQL事务服务引挚正常起动

Thu Mar 05 21:14:27 1998
ASQL事务服务引挚正常起动

Thu Mar 05 21:24:54 1998
ASQL事务服务引挚正常起动

Thu Mar 05 21:28:09 1998
ASQL事务服务引挚正常起动

Thu Mar 05 21:32:42 1998
ASQL事务服务引挚正常起动

Thu Mar 05 21:35:12 1998
ASQL事务服务引挚正常起动

Thu Mar 05 21:36:12 1998
ASQL事务服务引挚正常起动

Thu Mar 05 21:44:08 1998
ASQL事务服务引挚正常起动

Thu Mar 05 21:44:27 1998
ASQL事务服务引挚正常起动

Thu Mar 05 21:45:25 1998
ASQL事务服务引挚正常起动

Thu Mar 05 21:45:46 1998
ASQL事务服务引挚正常起动

Thu Mar 05 21:45:54 1998
ASQL事务服务引挚正常起动

Thu Mar 05 21:48:00 1998
ASQL事务服务引挚正常起动

Thu Mar 05 21:57:00 1998
ASQL事务服务引挚正常起动

Thu Mar 05 22:02:32 1998
ASQL事务服务引挚正常起动

Thu Mar 05 22:03:27 1998
ASQL事务服务引挚正常起动

Thu Mar 05 22:03:36 1998
ASQL事务服务引挚正常起动

Thu Mar 05 22:04:36 1998
ASQL事务服务引挚正常起动

Thu Mar 05 22:09:22 1998
ASQL事务服务引挚正常起动

Fri Mar 06 10:27:40 1998
ASQL事务服务引挚正常起动

Fri Mar 06 10:30:32 1998
ASQL事务服务引挚正常起动

Fri Mar 06 10:33:49 1998
ASQL事务服务引挚正常起动

Fri Mar 06 10:39:11 1998
ASQL事务服务引挚正常起动

Fri Mar 06 11:31:31 1998
ASQL事务服务引挚正常起动

Fri Mar 06 11:32:41 1998
ASQL事务服务引挚正常起动

Fri Mar 06 11:34:23 1998
ASQL事务服务引挚正常起动

Fri Mar 06 11:37:22 1998
ASQL事务服务引挚正常起动

Fri Mar 06 11:37:40 1998
ASQL事务服务引挚正常起动

Fri Mar 06 11:37:58 1998
ASQL事务服务引挚正常起动

Fri Mar 06 11:39:22 1998
ASQL事务服务引挚正常起动

Fri Mar 06 11:39:36 1998
ASQL事务服务引挚正常起动

Fri Mar 06 11:40:27 1998
ASQL事务服务引挚正常起动

Fri Mar 06 11:41:15 1998
ASQL事务服务引挚正常起动

Fri Mar 06 11:42:19 1998
ASQL事务服务引挚正常起动

Fri Mar 06 11:44:31 1998
ASQL事务服务引挚正常起动

Fri Mar 06 11:45:24 1998
ASQL事务服务引挚正常起动

Fri Mar 06 13:14:23 1998
ASQL事务服务引挚正常起动

Fri Mar 06 13:14:35 1998
ASQL事务服务引挚正常起动

Fri Mar 06 13:17:48 1998
ASQL事务服务引挚正常起动

Fri Mar 06 13:19:04 1998
ASQL事务服务引挚正常起动

Fri Mar 06 13:37:18 1998
ASQL事务服务引挚正常起动

Fri Mar 06 13:38:33 1998
ASQL事务服务引挚正常起动

Fri Mar 06 13:48:36 1998
ASQL事务服务引挚正常起动

Fri Mar 06 13:48:55 1998
ASQL事务服务引挚正常起动

Fri Mar 06 13:50:55 1998
ASQL事务服务引挚正常起动

Fri Mar 06 13:52:07 1998
ASQL事务服务引挚正常起动

Fri Mar 06 13:54:28 1998
ASQL事务服务引挚正常起动

Fri Mar 06 13:55:51 1998
ASQL事务服务引挚正常起动

Fri Mar 06 13:56:32 1998
ASQL事务服务引挚正常起动

Fri Mar 06 14:01:42 1998
ASQL事务服务引挚正常起动

Fri Mar 06 14:03:03 1998
ASQL事务服务引挚正常起动

Fri Mar 06 14:03:48 1998
ASQL事务服务引挚正常起动

Fri Mar 06 14:21:18 1998
ASQL事务服务引挚正常起动

Fri Mar 06 14:41:04 1998
ASQL事务服务引挚正常起动

Fri Mar 06 14:41:19 1998
ASQL事务服务引挚正常起动

Fri Mar 06 14:43:37 1998
ASQL事务服务引挚正常起动

Fri Mar 06 14:43:55 1998
ASQL事务服务引挚正常起动

Fri Mar 06 14:44:07 1998
ASQL事务服务引挚正常起动

Fri Mar 06 14:46:05 1998
ASQL事务服务引挚正常起动

Fri Mar 06 14:46:24 1998
ASQL事务服务引挚正常起动

Fri Mar 06 14:48:01 1998
ASQL事务服务引挚正常起动

Fri Mar 06 14:51:28 1998
ASQL事务服务引挚正常起动

Fri Mar 06 14:54:18 1998
ASQL事务服务引挚正常起动

Fri Mar 06 14:55:47 1998
ASQL事务服务引挚正常起动

Fri Mar 06 15:00:15 1998
ASQL事务服务引挚正常起动

Fri Mar 06 15:04:34 1998
ASQL事务服务引挚正常起动

Fri Mar 06 15:05:49 1998
ASQL事务服务引挚正常起动

Fri Mar 06 15:06:01 1998
ASQL事务服务引挚正常起动

Fri Mar 06 15:15:13 1998
ASQL事务服务引挚正常起动

Fri Mar 06 15:15:27 1998
ASQL事务服务引挚正常起动

Fri Mar 06 15:17:16 1998
ASQL事务服务引挚正常起动

Fri Mar 06 15:20:52 1998
ASQL事务服务引挚正常起动

Fri Mar 06 15:22:06 1998
ASQL事务服务引挚正常起动

Fri Mar 06 15:23:27 1998
ASQL事务服务引挚正常起动

Fri Mar 06 15:29:58 1998
ASQL事务服务引挚正常起动

Fri Mar 06 15:31:55 1998
ASQL事务服务引挚正常起动

Fri Mar 06 15:36:13 1998
ASQL事务服务引挚正常起动

Fri Mar 06 15:50:27 1998
ASQL事务服务引挚正常起动

Fri Mar 06 15:51:46 1998
ASQL事务服务引挚正常起动

Fri Mar 06 15:52:32 1998
ASQL事务服务引挚正常起动

Fri Mar 06 15:55:07 1998
ASQL事务服务引挚正常起动

Fri Mar 06 15:55:46 1998
ASQL事务服务引挚正常起动

Fri Mar 06 15:58:03 1998
ASQL事务服务引挚正常起动

Fri Mar 06 16:06:04 1998
ASQL事务服务引挚正常起动

Fri Mar 06 16:14:42 1998
ASQL事务服务引挚正常起动

Fri Mar 06 16:15:25 1998
ASQL事务服务引挚正常起动

Fri Mar 06 16:48:26 1998
ASQL事务服务引挚正常起动

Fri Mar 06 18:02:25 1998
ASQL事务服务引挚正常起动

Fri Mar 06 18:03:54 1998
ASQL事务服务引挚正常起动

Fri Mar 06 18:04:12 1998
ASQL事务服务引挚正常起动

Fri Mar 06 18:06:31 1998
ASQL事务服务引挚正常起动

Fri Mar 06 18:06:56 1998
ASQL事务服务引挚正常起动

Fri Mar 06 18:12:35 1998
ASQL事务服务引挚正常起动

Fri Mar 06 18:13:42 1998
ASQL事务服务引挚正常起动

Fri Mar 06 18:23:23 1998
ASQL事务服务引挚正常起动

Fri Mar 06 19:38:58 1998
ASQL事务服务引挚正常起动

Fri Mar 06 20:21:49 1998
ASQL事务服务引挚正常起动

Fri Mar 06 20:54:33 1998
ASQL事务服务引挚正常起动

Fri Mar 06 21:12:50 1998
ASQL事务服务引挚正常起动

Fri Mar 06 21:24:35 1998
ASQL事务服务引挚正常起动

Fri Mar 06 21:26:57 1998
ASQL事务服务引挚正常起动

Sat Mar 07 15:17:35 1998
ASQL事务服务引挚正常起动

Sat Mar 07 15:23:11 1998
ASQL事务服务引挚正常起动

Sat Mar 07 15:27:57 1998
ASQL事务服务引挚正常起动

Sat Mar 07 15:30:51 1998
ASQL事务服务引挚正常起动

Tue Jul 14 22:32:38 1998
ASQL事务服务引挚正常起动

Wed Jul 15 11:11:23 1998
ASQL事务服务引挚正常起动

Wed Jul 15 13:44:27 1998
ASQL事务服务引挚正常起动

Fri Nov 20 20:16:17 1998
ASQL事务服务引挚正常起动

Fri Nov 20 21:09:34 1998
ASQL事务服务引挚正常起动
