ASQL_LOG_v3.0.
[SUMMARY]
199801=00000000000000
199802=00000000000000
199803=00000000000000
199804=00000000000000
199805=00000000000000
199806=00000000000000
199807=00000000000000
199808=00000000000000
199809=00000000000000
199810=00000000000000
199811=00000000000000
199812=00000000000000
199901=00000000000000
199902=00000000000000
199903=00000000000000
199904=00000000000000
199905=00000000000000
199906=00000000000000
199907=00000000000000
199908=00000000000000
199909=00000000000000
199910=00000000000000
199911=00000000000000
199912=00000000000000
200001=00000000000000
200002=00000000000000
200003=00000000000000
200004=00000000000000
200005=00000000000000
200006=00000000000000
200007=00000000000000
200008=00000000000000
200009=00000000000000
200010=00000000000000
200011=00000000000000
200012=00000000000000
200101=00000000000000
200102=00000000000000
200103=00000000000000
200104=00000000000000
200105=00000000000000
200106=00000000000000
200107=00000000000000
200108=00000000000000
200109=00000000000000
200110=00000000000000
200111=00000000000000
200112=00000000000000
200201=00000000000000
200202=00000000000000
200203=00000000000000
200204=00000000000000
200205=00000000000000
200206=00000000000000
200207=00000000000000
200208=00000000000000
200209=00000000000000
200210=00000000000000
200211=00000000000000
200212=00000000000000
200301=00000000000000
200302=00000000000000
200303=00000000000000
200304=00000000000000
200305=00000000000000
200306=00000000000000
200307=00000000000000
200308=00000000000000
200309=00000000000000
200310=00000000000000
200311=00000000000000
200312=00000000000000
200401=00000000000000
200402=00000000000000
200403=00000000000000
200404=00000000000000
200405=00000000000000
200406=00000000000000
200407=00000000000000
200408=00000000000000
200409=00000000000000
200410=00000000000000
200411=00000000000000
200412=00000000000000
200501=00000000000000
200502=00000000000000
200503=00000000000000
200504=00000000000000
200505=00000000000000
200506=00000000000000
200507=00000000000000
200508=00000000000000
200509=00000000000000
200510=00000000000000
200511=00000000000000
200512=00000000000000
200601=00000000000000
200602=00000000000000
200603=00000000000000
200604=00000000000000
200605=00000000000000
200606=00000000000000
200607=00000000000000
200608=00000000000000
200609=00000000000000
200610=00000000000000
200611=00000000000000
200612=00000000000000
200701=00000000000000
200702=00000000000000
200703=00000000000000
200704=00000000000000
200705=00000000000000
200706=00000000000000
200707=00000000000000
200708=00000000000000
200709=00000000000000
200710=00000000000000
200711=00000000000000
200712=00000000000000
OPTIME=19981130
ETIME=19981130
STIME=19981130
